::ffff:127.0.0.1 - - [Thu, 10 Aug 2017 06:09:22 GMT] "GET / HTTP/1.1" 200 2640 "http://127.0.0.1:3000/login" "Mozilla/5.0 (Macintosh; Intel Mac OS X 10_11_6) AppleWebKit/537.36 (KHTML, like Gecko) Chrome/61.0.3159.5 Safari/537.36"
::ffff:127.0.0.1 - - [Thu, 10 Aug 2017 06:09:22 GMT] "GET /javascripts/jquery-3.2.1.min.js HTTP/1.1" 304 - "http://127.0.0.1:3000/" "Mozilla/5.0 (Macintosh; Intel Mac OS X 10_11_6) AppleWebKit/537.36 (KHTML, like Gecko) Chrome/61.0.3159.5 Safari/537.36"
::ffff:127.0.0.1 - - [Thu, 10 Aug 2017 06:09:22 GMT] "GET /stylesheets/style.css HTTP/1.1" 200 126 "http://127.0.0.1:3000/" "Mozilla/5.0 (Macintosh; Intel Mac OS X 10_11_6) AppleWebKit/537.36 (KHTML, like Gecko) Chrome/61.0.3159.5 Safari/537.36"
::ffff:127.0.0.1 - - [Thu, 10 Aug 2017 06:09:22 GMT] "GET /javascripts/bootstrap.min.js HTTP/1.1" 304 - "http://127.0.0.1:3000/" "Mozilla/5.0 (Macintosh; Intel Mac OS X 10_11_6) AppleWebKit/537.36 (KHTML, like Gecko) Chrome/61.0.3159.5 Safari/537.36"
::ffff:127.0.0.1 - - [Thu, 10 Aug 2017 06:09:22 GMT] "GET /stylesheets/bootstrap.min.css HTTP/1.1" 200 121200 "http://127.0.0.1:3000/" "Mozilla/5.0 (Macintosh; Intel Mac OS X 10_11_6) AppleWebKit/537.36 (KHTML, like Gecko) Chrome/61.0.3159.5 Safari/537.36"
::1 - - [Fri, 18 Aug 2017 06:53:55 GMT] "GET /stylesheets/style.css HTTP/1.1" 200 126 "http://localhost:3000/" "Mozilla/5.0 (Macintosh; Intel Mac OS X 10_11_6) AppleWebKit/537.36 (KHTML, like Gecko) Chrome/61.0.3159.5 Safari/537.36"
::1 - - [Fri, 18 Aug 2017 06:53:55 GMT] "GET / HTTP/1.1" 200 2234 "-" "Mozilla/5.0 (Macintosh; Intel Mac OS X 10_11_6) AppleWebKit/537.36 (KHTML, like Gecko) Chrome/61.0.3159.5 Safari/537.36"
::1 - - [Fri, 18 Aug 2017 06:53:55 GMT] "GET /javascripts/bootstrap.min.js HTTP/1.1" 200 37045 "http://localhost:3000/" "Mozilla/5.0 (Macintosh; Intel Mac OS X 10_11_6) AppleWebKit/537.36 (KHTML, like Gecko) Chrome/61.0.3159.5 Safari/537.36"
::1 - - [Fri, 18 Aug 2017 06:53:55 GMT] "GET /javascripts/jquery-3.2.1.min.js HTTP/1.1" 200 86659 "http://localhost:3000/" "Mozilla/5.0 (Macintosh; Intel Mac OS X 10_11_6) AppleWebKit/537.36 (KHTML, like Gecko) Chrome/61.0.3159.5 Safari/537.36"
::1 - - [Fri, 18 Aug 2017 06:53:55 GMT] "GET /stylesheets/bootstrap.min.css HTTP/1.1" 200 121200 "http://localhost:3000/" "Mozilla/5.0 (Macintosh; Intel Mac OS X 10_11_6) AppleWebKit/537.36 (KHTML, like Gecko) Chrome/61.0.3159.5 Safari/537.36"
::1 - - [Fri, 18 Aug 2017 06:53:55 GMT] "GET /favicon.ico HTTP/1.1" 404 3451 "http://localhost:3000/" "Mozilla/5.0 (Macintosh; Intel Mac OS X 10_11_6) AppleWebKit/537.36 (KHTML, like Gecko) Chrome/61.0.3159.5 Safari/537.36"
::1 - - [Fri, 18 Aug 2017 09:42:54 GMT] "GET /reg HTTP/1.1" 200 2325 "-" "Mozilla/5.0 (Macintosh; Intel Mac OS X 10_11_6) AppleWebKit/537.36 (KHTML, like Gecko) Chrome/61.0.3159.5 Safari/537.36"
::1 - - [Fri, 18 Aug 2017 09:42:54 GMT] "GET /javascripts/jquery-3.2.1.min.js HTTP/1.1" 304 - "http://localhost:3000/reg" "Mozilla/5.0 (Macintosh; Intel Mac OS X 10_11_6) AppleWebKit/537.36 (KHTML, like Gecko) Chrome/61.0.3159.5 Safari/537.36"
::1 - - [Fri, 18 Aug 2017 09:42:54 GMT] "GET /stylesheets/style.css HTTP/1.1" 200 126 "http://localhost:3000/reg" "Mozilla/5.0 (Macintosh; Intel Mac OS X 10_11_6) AppleWebKit/537.36 (KHTML, like Gecko) Chrome/61.0.3159.5 Safari/537.36"
::1 - - [Fri, 18 Aug 2017 09:42:54 GMT] "GET /javascripts/bootstrap.min.js HTTP/1.1" 200 37045 "http://localhost:3000/reg" "Mozilla/5.0 (Macintosh; Intel Mac OS X 10_11_6) AppleWebKit/537.36 (KHTML, like Gecko) Chrome/61.0.3159.5 Safari/537.36"
::1 - - [Fri, 18 Aug 2017 09:42:54 GMT] "GET /stylesheets/bootstrap.min.css HTTP/1.1" 200 121200 "http://localhost:3000/reg" "Mozilla/5.0 (Macintosh; Intel Mac OS X 10_11_6) AppleWebKit/537.36 (KHTML, like Gecko) Chrome/61.0.3159.5 Safari/537.36"
::1 - - [Fri, 18 Aug 2017 09:43:00 GMT] "GET / HTTP/1.1" 200 2234 "http://localhost:3000/reg" "Mozilla/5.0 (Macintosh; Intel Mac OS X 10_11_6) AppleWebKit/537.36 (KHTML, like Gecko) Chrome/61.0.3159.5 Safari/537.36"
::1 - - [Fri, 18 Aug 2017 09:43:00 GMT] "GET /stylesheets/style.css HTTP/1.1" 304 - "http://localhost:3000/" "Mozilla/5.0 (Macintosh; Intel Mac OS X 10_11_6) AppleWebKit/537.36 (KHTML, like Gecko) Chrome/61.0.3159.5 Safari/537.36"
::1 - - [Fri, 18 Aug 2017 09:43:00 GMT] "GET /stylesheets/bootstrap.min.css HTTP/1.1" 304 - "http://localhost:3000/" "Mozilla/5.0 (Macintosh; Intel Mac OS X 10_11_6) AppleWebKit/537.36 (KHTML, like Gecko) Chrome/61.0.3159.5 Safari/537.36"
::1 - - [Fri, 18 Aug 2017 09:43:00 GMT] "GET /javascripts/jquery-3.2.1.min.js HTTP/1.1" 304 - "http://localhost:3000/" "Mozilla/5.0 (Macintosh; Intel Mac OS X 10_11_6) AppleWebKit/537.36 (KHTML, like Gecko) Chrome/61.0.3159.5 Safari/537.36"
::1 - - [Fri, 18 Aug 2017 09:43:00 GMT] "GET /javascripts/bootstrap.min.js HTTP/1.1" 304 - "http://localhost:3000/" "Mozilla/5.0 (Macintosh; Intel Mac OS X 10_11_6) AppleWebKit/537.36 (KHTML, like Gecko) Chrome/61.0.3159.5 Safari/537.36"
::1 - - [Fri, 18 Aug 2017 09:43:06 GMT] "GET /login HTTP/1.1" 200 2642 "http://localhost:3000/" "Mozilla/5.0 (Macintosh; Intel Mac OS X 10_11_6) AppleWebKit/537.36 (KHTML, like Gecko) Chrome/61.0.3159.5 Safari/537.36"
::1 - - [Fri, 18 Aug 2017 09:43:06 GMT] "GET /stylesheets/style.css HTTP/1.1" 304 - "http://localhost:3000/login" "Mozilla/5.0 (Macintosh; Intel Mac OS X 10_11_6) AppleWebKit/537.36 (KHTML, like Gecko) Chrome/61.0.3159.5 Safari/537.36"
::1 - - [Fri, 18 Aug 2017 09:43:06 GMT] "GET /stylesheets/bootstrap.min.css HTTP/1.1" 304 - "http://localhost:3000/login" "Mozilla/5.0 (Macintosh; Intel Mac OS X 10_11_6) AppleWebKit/537.36 (KHTML, like Gecko) Chrome/61.0.3159.5 Safari/537.36"
::1 - - [Fri, 18 Aug 2017 09:43:06 GMT] "GET /javascripts/jquery-3.2.1.min.js HTTP/1.1" 304 - "http://localhost:3000/login" "Mozilla/5.0 (Macintosh; Intel Mac OS X 10_11_6) AppleWebKit/537.36 (KHTML, like Gecko) Chrome/61.0.3159.5 Safari/537.36"
::1 - - [Fri, 18 Aug 2017 09:43:06 GMT] "GET /javascripts/bootstrap.min.js HTTP/1.1" 304 - "http://localhost:3000/login" "Mozilla/5.0 (Macintosh; Intel Mac OS X 10_11_6) AppleWebKit/537.36 (KHTML, like Gecko) Chrome/61.0.3159.5 Safari/537.36"
::1 - - [Fri, 18 Aug 2017 09:43:10 GMT] "POST /login HTTP/1.1" 302 46 "http://localhost:3000/login" "Mozilla/5.0 (Macintosh; Intel Mac OS X 10_11_6) AppleWebKit/537.36 (KHTML, like Gecko) Chrome/61.0.3159.5 Safari/537.36"
::1 - - [Fri, 18 Aug 2017 09:43:10 GMT] "GET / HTTP/1.1" 200 2653 "http://localhost:3000/login" "Mozilla/5.0 (Macintosh; Intel Mac OS X 10_11_6) AppleWebKit/537.36 (KHTML, like Gecko) Chrome/61.0.3159.5 Safari/537.36"
::1 - - [Fri, 18 Aug 2017 09:43:10 GMT] "GET /stylesheets/style.css HTTP/1.1" 304 - "http://localhost:3000/" "Mozilla/5.0 (Macintosh; Intel Mac OS X 10_11_6) AppleWebKit/537.36 (KHTML, like Gecko) Chrome/61.0.3159.5 Safari/537.36"
::1 - - [Fri, 18 Aug 2017 09:43:10 GMT] "GET /stylesheets/bootstrap.min.css HTTP/1.1" 304 - "http://localhost:3000/" "Mozilla/5.0 (Macintosh; Intel Mac OS X 10_11_6) AppleWebKit/537.36 (KHTML, like Gecko) Chrome/61.0.3159.5 Safari/537.36"
::1 - - [Fri, 18 Aug 2017 09:43:10 GMT] "GET /javascripts/jquery-3.2.1.min.js HTTP/1.1" 304 - "http://localhost:3000/" "Mozilla/5.0 (Macintosh; Intel Mac OS X 10_11_6) AppleWebKit/537.36 (KHTML, like Gecko) Chrome/61.0.3159.5 Safari/537.36"
::1 - - [Fri, 18 Aug 2017 09:43:10 GMT] "GET /javascripts/bootstrap.min.js HTTP/1.1" 304 - "http://localhost:3000/" "Mozilla/5.0 (Macintosh; Intel Mac OS X 10_11_6) AppleWebKit/537.36 (KHTML, like Gecko) Chrome/61.0.3159.5 Safari/537.36"
::1 - - [Fri, 18 Aug 2017 09:43:19 GMT] "GET /logout HTTP/1.1" 302 46 "http://localhost:3000/" "Mozilla/5.0 (Macintosh; Intel Mac OS X 10_11_6) AppleWebKit/537.36 (KHTML, like Gecko) Chrome/61.0.3159.5 Safari/537.36"
::1 - - [Fri, 18 Aug 2017 09:43:19 GMT] "GET / HTTP/1.1" 200 2248 "http://localhost:3000/" "Mozilla/5.0 (Macintosh; Intel Mac OS X 10_11_6) AppleWebKit/537.36 (KHTML, like Gecko) Chrome/61.0.3159.5 Safari/537.36"
::1 - - [Fri, 18 Aug 2017 09:43:19 GMT] "GET /stylesheets/style.css HTTP/1.1" 304 - "http://localhost:3000/" "Mozilla/5.0 (Macintosh; Intel Mac OS X 10_11_6) AppleWebKit/537.36 (KHTML, like Gecko) Chrome/61.0.3159.5 Safari/537.36"
::1 - - [Fri, 18 Aug 2017 09:43:19 GMT] "GET /stylesheets/bootstrap.min.css HTTP/1.1" 304 - "http://localhost:3000/" "Mozilla/5.0 (Macintosh; Intel Mac OS X 10_11_6) AppleWebKit/537.36 (KHTML, like Gecko) Chrome/61.0.3159.5 Safari/537.36"
::1 - - [Fri, 18 Aug 2017 09:43:19 GMT] "GET /javascripts/jquery-3.2.1.min.js HTTP/1.1" 304 - "http://localhost:3000/" "Mozilla/5.0 (Macintosh; Intel Mac OS X 10_11_6) AppleWebKit/537.36 (KHTML, like Gecko) Chrome/61.0.3159.5 Safari/537.36"
::1 - - [Fri, 18 Aug 2017 09:43:19 GMT] "GET /javascripts/bootstrap.min.js HTTP/1.1" 304 - "http://localhost:3000/" "Mozilla/5.0 (Macintosh; Intel Mac OS X 10_11_6) AppleWebKit/537.36 (KHTML, like Gecko) Chrome/61.0.3159.5 Safari/537.36"
::1 - - [Fri, 18 Aug 2017 09:43:21 GMT] "GET /reg HTTP/1.1" 304 - "http://localhost:3000/" "Mozilla/5.0 (Macintosh; Intel Mac OS X 10_11_6) AppleWebKit/537.36 (KHTML, like Gecko) Chrome/61.0.3159.5 Safari/537.36"
::1 - - [Fri, 18 Aug 2017 09:43:21 GMT] "GET /stylesheets/style.css HTTP/1.1" 304 - "http://localhost:3000/reg" "Mozilla/5.0 (Macintosh; Intel Mac OS X 10_11_6) AppleWebKit/537.36 (KHTML, like Gecko) Chrome/61.0.3159.5 Safari/537.36"
::1 - - [Fri, 18 Aug 2017 09:43:21 GMT] "GET /stylesheets/bootstrap.min.css HTTP/1.1" 304 - "http://localhost:3000/reg" "Mozilla/5.0 (Macintosh; Intel Mac OS X 10_11_6) AppleWebKit/537.36 (KHTML, like Gecko) Chrome/61.0.3159.5 Safari/537.36"
::1 - - [Fri, 18 Aug 2017 09:43:21 GMT] "GET /javascripts/jquery-3.2.1.min.js HTTP/1.1" 304 - "http://localhost:3000/reg" "Mozilla/5.0 (Macintosh; Intel Mac OS X 10_11_6) AppleWebKit/537.36 (KHTML, like Gecko) Chrome/61.0.3159.5 Safari/537.36"
::1 - - [Fri, 18 Aug 2017 09:43:21 GMT] "GET /javascripts/bootstrap.min.js HTTP/1.1" 304 - "http://localhost:3000/reg" "Mozilla/5.0 (Macintosh; Intel Mac OS X 10_11_6) AppleWebKit/537.36 (KHTML, like Gecko) Chrome/61.0.3159.5 Safari/537.36"
::1 - - [Fri, 18 Aug 2017 09:43:27 GMT] "POST /reg HTTP/1.1" 302 52 "http://localhost:3000/reg" "Mozilla/5.0 (Macintosh; Intel Mac OS X 10_11_6) AppleWebKit/537.36 (KHTML, like Gecko) Chrome/61.0.3159.5 Safari/537.36"
::1 - - [Fri, 18 Aug 2017 09:43:27 GMT] "GET /reg HTTP/1.1" 200 2390 "http://localhost:3000/reg" "Mozilla/5.0 (Macintosh; Intel Mac OS X 10_11_6) AppleWebKit/537.36 (KHTML, like Gecko) Chrome/61.0.3159.5 Safari/537.36"
::1 - - [Fri, 18 Aug 2017 09:43:27 GMT] "GET /stylesheets/style.css HTTP/1.1" 304 - "http://localhost:3000/reg" "Mozilla/5.0 (Macintosh; Intel Mac OS X 10_11_6) AppleWebKit/537.36 (KHTML, like Gecko) Chrome/61.0.3159.5 Safari/537.36"
::1 - - [Fri, 18 Aug 2017 09:43:27 GMT] "GET /stylesheets/bootstrap.min.css HTTP/1.1" 304 - "http://localhost:3000/reg" "Mozilla/5.0 (Macintosh; Intel Mac OS X 10_11_6) AppleWebKit/537.36 (KHTML, like Gecko) Chrome/61.0.3159.5 Safari/537.36"
::1 - - [Fri, 18 Aug 2017 09:43:27 GMT] "GET /javascripts/jquery-3.2.1.min.js HTTP/1.1" 304 - "http://localhost:3000/reg" "Mozilla/5.0 (Macintosh; Intel Mac OS X 10_11_6) AppleWebKit/537.36 (KHTML, like Gecko) Chrome/61.0.3159.5 Safari/537.36"
::1 - - [Fri, 18 Aug 2017 09:43:27 GMT] "GET /javascripts/bootstrap.min.js HTTP/1.1" 304 - "http://localhost:3000/reg" "Mozilla/5.0 (Macintosh; Intel Mac OS X 10_11_6) AppleWebKit/537.36 (KHTML, like Gecko) Chrome/61.0.3159.5 Safari/537.36"
::1 - - [Fri, 18 Aug 2017 09:43:40 GMT] "POST /reg HTTP/1.1" 302 46 "http://localhost:3000/reg" "Mozilla/5.0 (Macintosh; Intel Mac OS X 10_11_6) AppleWebKit/537.36 (KHTML, like Gecko) Chrome/61.0.3159.5 Safari/537.36"
::1 - - [Fri, 18 Aug 2017 09:43:40 GMT] "GET / HTTP/1.1" 200 2573 "http://localhost:3000/reg" "Mozilla/5.0 (Macintosh; Intel Mac OS X 10_11_6) AppleWebKit/537.36 (KHTML, like Gecko) Chrome/61.0.3159.5 Safari/537.36"
::1 - - [Fri, 18 Aug 2017 09:43:40 GMT] "GET /stylesheets/style.css HTTP/1.1" 304 - "http://localhost:3000/" "Mozilla/5.0 (Macintosh; Intel Mac OS X 10_11_6) AppleWebKit/537.36 (KHTML, like Gecko) Chrome/61.0.3159.5 Safari/537.36"
::1 - - [Fri, 18 Aug 2017 09:43:40 GMT] "GET /stylesheets/bootstrap.min.css HTTP/1.1" 304 - "http://localhost:3000/" "Mozilla/5.0 (Macintosh; Intel Mac OS X 10_11_6) AppleWebKit/537.36 (KHTML, like Gecko) Chrome/61.0.3159.5 Safari/537.36"
::1 - - [Fri, 18 Aug 2017 09:43:40 GMT] "GET /javascripts/jquery-3.2.1.min.js HTTP/1.1" 304 - "http://localhost:3000/" "Mozilla/5.0 (Macintosh; Intel Mac OS X 10_11_6) AppleWebKit/537.36 (KHTML, like Gecko) Chrome/61.0.3159.5 Safari/537.36"
::1 - - [Fri, 18 Aug 2017 09:43:40 GMT] "GET /javascripts/bootstrap.min.js HTTP/1.1" 304 - "http://localhost:3000/" "Mozilla/5.0 (Macintosh; Intel Mac OS X 10_11_6) AppleWebKit/537.36 (KHTML, like Gecko) Chrome/61.0.3159.5 Safari/537.36"
